{"C:\\Mio\\PORTFOLIO\\boyspetshop\\server\\src\\router.ts": {"path":"C:\\Mio\\PORTFOLIO\\boyspetshop\\server\\src\\router.ts","statementMap":{"0":{"start":{"line":1,"column":0},"end":{"line":1,"column":33}},"1":{"start":{"line":2,"column":0},"end":{"line":2,"column":null}},"2":{"start":{"line":10,"column":0},"end":{"line":10,"column":48}},"3":{"start":{"line":11,"column":0},"end":{"line":11,"column":49}},"4":{"start":{"line":12,"column":0},"end":{"line":12,"column":37}},"5":{"start":{"line":15,"column":15},"end":{"line":15,"column":23}},"6":{"start":{"line":69,"column":0},"end":{"line":69,"column":31}},"7":{"start":{"line":99,"column":0},"end":{"line":105,"column":2}},"8":{"start":{"line":146,"column":0},"end":{"line":176,"column":2}},"9":{"start":{"line":155,"column":27},"end":{"line":155,"column":36}},"10":{"start":{"line":163,"column":27},"end":{"line":163,"column":37}},"11":{"start":{"line":169,"column":27},"end":{"line":169,"column":53}},"12":{"start":{"line":229,"column":0},"end":{"line":263,"column":2}},"13":{"start":{"line":239,"column":27},"end":{"line":239,"column":36}},"14":{"start":{"line":247,"column":27},"end":{"line":247,"column":37}},"15":{"start":{"line":253,"column":27},"end":{"line":253,"column":53}},"16":{"start":{"line":293,"column":0},"end":{"line":298,"column":2}},"17":{"start":{"line":329,"column":0},"end":{"line":334,"column":2}},"18":{"start":{"line":336,"column":0},"end":{"line":336,"column":22}}},"fnMap":{"0":{"name":"(anonymous_0)","decl":{"start":{"line":155,"column":16},"end":{"line":155,"column":17}},"loc":{"start":{"line":155,"column":27},"end":{"line":155,"column":36}}},"1":{"name":"(anonymous_1)","decl":{"start":{"line":163,"column":16},"end":{"line":163,"column":17}},"loc":{"start":{"line":163,"column":27},"end":{"line":163,"column":37}}},"2":{"name":"(anonymous_2)","decl":{"start":{"line":169,"column":16},"end":{"line":169,"column":17}},"loc":{"start":{"line":169,"column":27},"end":{"line":169,"column":53}}},"3":{"name":"(anonymous_3)","decl":{"start":{"line":239,"column":16},"end":{"line":239,"column":17}},"loc":{"start":{"line":239,"column":27},"end":{"line":239,"column":36}}},"4":{"name":"(anonymous_4)","decl":{"start":{"line":247,"column":16},"end":{"line":247,"column":17}},"loc":{"start":{"line":247,"column":27},"end":{"line":247,"column":37}}},"5":{"name":"(anonymous_5)","decl":{"start":{"line":253,"column":16},"end":{"line":253,"column":17}},"loc":{"start":{"line":253,"column":27},"end":{"line":253,"column":53}}}},"branchMap":{},"s":{"0":2,"1":2,"2":2,"3":2,"4":2,"5":2,"6":2,"7":2,"8":2,"9":7,"10":7,"11":7,"12":2,"13":11,"14":11,"15":11,"16":2,"17":2,"18":2},"f":{"0":7,"1":7,"2":7,"3":11,"4":11,"5":11},"b":{}}
,"C:\\Mio\\PORTFOLIO\\boyspetshop\\server\\src\\server.ts": {"path":"C:\\Mio\\PORTFOLIO\\boyspetshop\\server\\src\\server.ts","statementMap":{"0":{"start":{"line":1,"column":0},"end":{"line":1,"column":30}},"1":{"start":{"line":2,"column":0},"end":{"line":2,"column":28}},"2":{"start":{"line":4,"column":0},"end":{"line":4,"column":28}},"3":{"start":{"line":5,"column":0},"end":{"line":5,"column":43}},"4":{"start":{"line":7,"column":0},"end":{"line":7,"column":30}},"5":{"start":{"line":8,"column":0},"end":{"line":8,"column":29}},"6":{"start":{"line":9,"column":0},"end":{"line":9,"column":65}},"7":{"start":{"line":13,"column":4},"end":{"line":19,"column":5}},"8":{"start":{"line":14,"column":8},"end":{"line":14,"column":32}},"9":{"start":{"line":15,"column":8},"end":{"line":15,"column":18}},"10":{"start":{"line":17,"column":8},"end":{"line":17,"column":72}},"11":{"start":{"line":18,"column":8},"end":{"line":18,"column":27}},"12":{"start":{"line":22,"column":0},"end":{"line":22,"column":12}},"13":{"start":{"line":25,"column":15},"end":{"line":25,"column":24}},"14":{"start":{"line":46,"column":0},"end":{"line":46,"column":27}},"15":{"start":{"line":49,"column":0},"end":{"line":49,"column":26}},"16":{"start":{"line":52,"column":0},"end":{"line":52,"column":36}},"17":{"start":{"line":55,"column":0},"end":{"line":59,"column":2}},"18":{"start":{"line":61,"column":0},"end":{"line":61,"column":22}}},"fnMap":{"0":{"name":"connectDB","decl":{"start":{"line":12,"column":15},"end":{"line":12,"column":24}},"loc":{"start":{"line":12,"column":24},"end":{"line":20,"column":1}}}},"branchMap":{},"s":{"0":2,"1":2,"2":2,"3":2,"4":2,"5":2,"6":2,"7":2,"8":2,"9":2,"10":0,"11":0,"12":2,"13":2,"14":2,"15":2,"16":2,"17":2,"18":2},"f":{"0":2},"b":{}}
,"C:\\Mio\\PORTFOLIO\\boyspetshop\\server\\src\\config\\db.ts": {"path":"C:\\Mio\\PORTFOLIO\\boyspetshop\\server\\src\\config\\db.ts","statementMap":{"0":{"start":{"line":1,"column":0},"end":{"line":1,"column":49}},"1":{"start":{"line":2,"column":0},"end":{"line":2,"column":28}},"2":{"start":{"line":5,"column":0},"end":{"line":5,"column":80}},"3":{"start":{"line":7,"column":11},"end":{"line":10,"column":2}},"4":{"start":{"line":12,"column":0},"end":{"line":12,"column":18}}},"fnMap":{},"branchMap":{"0":{"loc":{"start":{"line":5,"column":22},"end":{"line":5,"column":76}},"type":"cond-expr","locations":[{"start":{"line":5,"column":56},"end":{"line":5,"column":67}},{"start":{"line":5,"column":70},"end":{"line":5,"column":76}}]}},"s":{"0":2,"1":2,"2":2,"3":2,"4":2},"f":{},"b":{"0":[2,0]}}
,"C:\\Mio\\PORTFOLIO\\boyspetshop\\server\\src\\config\\swagger.ts": {"path":"C:\\Mio\\PORTFOLIO\\boyspetshop\\server\\src\\config\\swagger.ts","statementMap":{"0":{"start":{"line":1,"column":0},"end":{"line":1,"column":41}},"1":{"start":{"line":4,"column":38},"end":{"line":20,"column":2}},"2":{"start":{"line":22,"column":20},"end":{"line":22,"column":41}},"3":{"start":{"line":24,"column":43},"end":{"line":33,"column":2}},"4":{"start":{"line":35,"column":9},"end":{"line":35,"column":25}},"5":{"start":{"line":34,"column":0},"end":{"line":34,"column":27}}},"fnMap":{},"branchMap":{},"s":{"0":2,"1":2,"2":2,"3":2,"4":2,"5":2},"f":{},"b":{}}
,"C:\\Mio\\PORTFOLIO\\boyspetshop\\server\\src\\handlers\\petshopProduct.ts": {"path":"C:\\Mio\\PORTFOLIO\\boyspetshop\\server\\src\\handlers\\petshopProduct.ts","statementMap":{"0":{"start":{"line":2,"column":0},"end":{"line":2,"column":60}},"1":{"start":{"line":5,"column":29},"end":{"line":11,"column":1}},"2":{"start":{"line":6,"column":21},"end":{"line":9,"column":6}},"3":{"start":{"line":10,"column":4},"end":{"line":10,"column":33}},"4":{"start":{"line":5,"column":13},"end":{"line":5,"column":29}},"5":{"start":{"line":14,"column":32},"end":{"line":25,"column":1}},"6":{"start":{"line":15,"column":19},"end":{"line":15,"column":29}},"7":{"start":{"line":16,"column":20},"end":{"line":16,"column":53}},"8":{"start":{"line":18,"column":4},"end":{"line":22,"column":5}},"9":{"start":{"line":19,"column":8},"end":{"line":21,"column":11}},"10":{"start":{"line":24,"column":4},"end":{"line":24,"column":32}},"11":{"start":{"line":14,"column":13},"end":{"line":14,"column":32}},"12":{"start":{"line":28,"column":31},"end":{"line":31,"column":1}},"13":{"start":{"line":29,"column":20},"end":{"line":29,"column":57}},"14":{"start":{"line":30,"column":4},"end":{"line":30,"column":44}},"15":{"start":{"line":28,"column":13},"end":{"line":28,"column":31}},"16":{"start":{"line":34,"column":31},"end":{"line":48,"column":1}},"17":{"start":{"line":35,"column":19},"end":{"line":35,"column":29}},"18":{"start":{"line":36,"column":20},"end":{"line":36,"column":53}},"19":{"start":{"line":38,"column":4},"end":{"line":42,"column":5}},"20":{"start":{"line":39,"column":8},"end":{"line":41,"column":11}},"21":{"start":{"line":44,"column":4},"end":{"line":44,"column":29}},"22":{"start":{"line":45,"column":4},"end":{"line":45,"column":19}},"23":{"start":{"line":47,"column":4},"end":{"line":47,"column":32}},"24":{"start":{"line":34,"column":13},"end":{"line":34,"column":31}},"25":{"start":{"line":51,"column":34},"end":{"line":64,"column":1}},"26":{"start":{"line":52,"column":19},"end":{"line":52,"column":29}},"27":{"start":{"line":53,"column":20},"end":{"line":53,"column":53}},"28":{"start":{"line":55,"column":4},"end":{"line":59,"column":5}},"29":{"start":{"line":56,"column":8},"end":{"line":58,"column":11}},"30":{"start":{"line":60,"column":4},"end":{"line":60,"column":60}},"31":{"start":{"line":61,"column":4},"end":{"line":61,"column":19}},"32":{"start":{"line":63,"column":4},"end":{"line":63,"column":32}},"33":{"start":{"line":51,"column":13},"end":{"line":51,"column":34}},"34":{"start":{"line":67,"column":31},"end":{"line":80,"column":1}},"35":{"start":{"line":68,"column":19},"end":{"line":68,"column":29}},"36":{"start":{"line":69,"column":20},"end":{"line":69,"column":53}},"37":{"start":{"line":71,"column":4},"end":{"line":75,"column":5}},"38":{"start":{"line":72,"column":8},"end":{"line":74,"column":11}},"39":{"start":{"line":77,"column":4},"end":{"line":77,"column":28}},"40":{"start":{"line":79,"column":4},"end":{"line":79,"column":42}},"41":{"start":{"line":67,"column":13},"end":{"line":67,"column":31}}},"fnMap":{"0":{"name":"(anonymous_1)","decl":{"start":{"line":5,"column":29},"end":{"line":5,"column":34}},"loc":{"start":{"line":5,"column":67},"end":{"line":11,"column":1}}},"1":{"name":"(anonymous_2)","decl":{"start":{"line":14,"column":32},"end":{"line":14,"column":37}},"loc":{"start":{"line":14,"column":70},"end":{"line":25,"column":1}}},"2":{"name":"(anonymous_3)","decl":{"start":{"line":28,"column":31},"end":{"line":28,"column":36}},"loc":{"start":{"line":28,"column":69},"end":{"line":31,"column":1}}},"3":{"name":"(anonymous_4)","decl":{"start":{"line":34,"column":31},"end":{"line":34,"column":36}},"loc":{"start":{"line":34,"column":69},"end":{"line":48,"column":1}}},"4":{"name":"(anonymous_5)","decl":{"start":{"line":51,"column":34},"end":{"line":51,"column":39}},"loc":{"start":{"line":51,"column":72},"end":{"line":64,"column":1}}},"5":{"name":"(anonymous_6)","decl":{"start":{"line":67,"column":31},"end":{"line":67,"column":36}},"loc":{"start":{"line":67,"column":69},"end":{"line":80,"column":1}}}},"branchMap":{"0":{"loc":{"start":{"line":18,"column":4},"end":{"line":22,"column":5}},"type":"if","locations":[{"start":{"line":18,"column":4},"end":{"line":22,"column":5}}]},"1":{"loc":{"start":{"line":38,"column":4},"end":{"line":42,"column":5}},"type":"if","locations":[{"start":{"line":38,"column":4},"end":{"line":42,"column":5}}]},"2":{"loc":{"start":{"line":55,"column":4},"end":{"line":59,"column":5}},"type":"if","locations":[{"start":{"line":55,"column":4},"end":{"line":59,"column":5}}]},"3":{"loc":{"start":{"line":71,"column":4},"end":{"line":75,"column":5}},"type":"if","locations":[{"start":{"line":71,"column":4},"end":{"line":75,"column":5}}]}},"s":{"0":2,"1":2,"2":3,"3":3,"4":2,"5":2,"6":2,"7":2,"8":2,"9":1,"10":1,"11":2,"12":2,"13":1,"14":1,"15":2,"16":2,"17":2,"18":2,"19":2,"20":1,"21":1,"22":1,"23":1,"24":2,"25":2,"26":2,"27":2,"28":2,"29":1,"30":1,"31":1,"32":1,"33":2,"34":2,"35":2,"36":2,"37":2,"38":1,"39":1,"40":1,"41":2},"f":{"0":3,"1":2,"2":1,"3":2,"4":2,"5":2},"b":{"0":[1],"1":[1],"2":[1],"3":[1]}}
,"C:\\Mio\\PORTFOLIO\\boyspetshop\\server\\src\\middleware\\index.ts": {"path":"C:\\Mio\\PORTFOLIO\\boyspetshop\\server\\src\\middleware\\index.ts","statementMap":{"0":{"start":{"line":2,"column":0},"end":{"line":2,"column":53}},"1":{"start":{"line":4,"column":33},"end":{"line":16,"column":1}},"2":{"start":{"line":9,"column":17},"end":{"line":9,"column":38}},"3":{"start":{"line":11,"column":4},"end":{"line":13,"column":5}},"4":{"start":{"line":12,"column":8},"end":{"line":12,"column":64}},"5":{"start":{"line":15,"column":4},"end":{"line":15,"column":11}},"6":{"start":{"line":4,"column":13},"end":{"line":4,"column":33}}},"fnMap":{"0":{"name":"(anonymous_0)","decl":{"start":{"line":4,"column":33},"end":{"line":4,"column":null}},"loc":{"start":{"line":8,"column":4},"end":{"line":16,"column":1}}}},"branchMap":{"0":{"loc":{"start":{"line":11,"column":4},"end":{"line":13,"column":5}},"type":"if","locations":[{"start":{"line":11,"column":4},"end":{"line":13,"column":5}}]}},"s":{"0":2,"1":2,"2":27,"3":27,"4":18,"5":9,"6":2},"f":{"0":27},"b":{"0":[18]}}
,"C:\\Mio\\PORTFOLIO\\boyspetshop\\server\\src\\models\\PetshopProduct.model.ts": {"path":"C:\\Mio\\PORTFOLIO\\boyspetshop\\server\\src\\models\\PetshopProduct.model.ts","statementMap":{"0":{"start":{"line":1,"column":0},"end":{"line":1,"column":79}},"1":{"start":{"line":6,"column":0},"end":{"line":32,"column":null}},"2":{"start":{"line":10,"column":12},"end":{"line":10,"column":null}},"3":{"start":{"line":15,"column":12},"end":{"line":15,"column":null}},"4":{"start":{"line":20,"column":12},"end":{"line":20,"column":null}},"5":{"start":{"line":25,"column":12},"end":{"line":25,"column":null}},"6":{"start":{"line":31,"column":12},"end":{"line":31,"column":null}},"7":{"start":{"line":6,"column":6},"end":{"line":32,"column":null}},"8":{"start":{"line":34,"column":0},"end":{"line":34,"column":30}}},"fnMap":{},"branchMap":{},"s":{"0":2,"1":2,"2":2,"3":2,"4":2,"5":2,"6":2,"7":2,"8":2},"f":{},"b":{}}
,"C:\\Mio\\PORTFOLIO\\boyspetshop\\server\\src\\utils\\index.ts": {"path":"C:\\Mio\\PORTFOLIO\\boyspetshop\\server\\src\\utils\\index.ts","statementMap":{"0":{"start":{"line":1,"column":13},"end":{"line":7,"column":2}}},"fnMap":{},"branchMap":{},"s":{"0":2},"f":{},"b":{}}
}
