TN:
SF:src\router.ts
FN:155,(anonymous_0)
FN:163,(anonymous_1)
FN:169,(anonymous_2)
FN:239,(anonymous_3)
FN:247,(anonymous_4)
FN:253,(anonymous_5)
FNF:6
FNH:6
FNDA:7,(anonymous_0)
FNDA:7,(anonymous_1)
FNDA:7,(anonymous_2)
FNDA:11,(anonymous_3)
FNDA:11,(anonymous_4)
FNDA:11,(anonymous_5)
DA:1,2
DA:2,2
DA:10,2
DA:11,2
DA:12,2
DA:15,2
DA:69,2
DA:99,2
DA:146,2
DA:155,7
DA:163,7
DA:169,7
DA:229,2
DA:239,11
DA:247,11
DA:253,11
DA:293,2
DA:329,2
DA:336,2
LF:19
LH:19
BRF:0
BRH:0
end_of_record
TN:
SF:src\server.ts
FN:12,connectDB
FNF:1
FNH:1
FNDA:2,connectDB
DA:1,2
DA:2,2
DA:4,2
DA:5,2
DA:7,2
DA:8,2
DA:9,2
DA:13,2
DA:14,2
DA:15,2
DA:17,0
DA:18,0
DA:22,2
DA:25,2
DA:46,2
DA:49,2
DA:52,2
DA:55,2
DA:61,2
LF:19
LH:17
BRF:0
BRH:0
end_of_record
TN:
SF:src\config\db.ts
FNF:0
FNH:0
DA:1,2
DA:2,2
DA:5,2
DA:7,2
DA:12,2
LF:5
LH:5
BRDA:5,0,0,2
BRDA:5,0,1,0
BRF:2
BRH:1
end_of_record
TN:
SF:src\config\swagger.ts
FNF:0
FNH:0
DA:1,2
DA:4,2
DA:22,2
DA:24,2
DA:34,2
DA:35,2
LF:6
LH:6
BRF:0
BRH:0
end_of_record
TN:
SF:src\handlers\petshopProduct.ts
FN:5,(anonymous_1)
FN:14,(anonymous_2)
FN:28,(anonymous_3)
FN:34,(anonymous_4)
FN:51,(anonymous_5)
FN:67,(anonymous_6)
FNF:6
FNH:6
FNDA:3,(anonymous_1)
FNDA:2,(anonymous_2)
FNDA:1,(anonymous_3)
FNDA:2,(anonymous_4)
FNDA:2,(anonymous_5)
FNDA:2,(anonymous_6)
DA:2,2
DA:5,2
DA:6,3
DA:10,3
DA:14,2
DA:15,2
DA:16,2
DA:18,2
DA:19,1
DA:24,1
DA:28,2
DA:29,1
DA:30,1
DA:34,2
DA:35,2
DA:36,2
DA:38,2
DA:39,1
DA:44,1
DA:45,1
DA:47,1
DA:51,2
DA:52,2
DA:53,2
DA:55,2
DA:56,1
DA:60,1
DA:61,1
DA:63,1
DA:67,2
DA:68,2
DA:69,2
DA:71,2
DA:72,1
DA:77,1
DA:79,1
LF:36
LH:36
BRDA:18,0,0,1
BRDA:38,1,0,1
BRDA:55,2,0,1
BRDA:71,3,0,1
BRF:4
BRH:4
end_of_record
TN:
SF:src\middleware\index.ts
FN:4,(anonymous_0)
FNF:1
FNH:1
FNDA:27,(anonymous_0)
DA:2,2
DA:4,2
DA:9,27
DA:11,27
DA:12,18
DA:15,9
LF:6
LH:6
BRDA:11,0,0,18
BRF:1
BRH:1
end_of_record
TN:
SF:src\models\PetshopProduct.model.ts
FNF:0
FNH:0
DA:1,2
DA:6,2
DA:10,2
DA:15,2
DA:20,2
DA:25,2
DA:31,2
DA:34,2
LF:8
LH:8
BRF:0
BRH:0
end_of_record
TN:
SF:src\utils\index.ts
FNF:0
FNH:0
DA:1,2
LF:1
LH:1
BRF:0
BRH:0
end_of_record
